<?xml version="1.0" encoding="UTF-8"?>
<testng-results skipped="0" failed="0" ignored="0" total="2" passed="2">
  <reporter-output>
  </reporter-output>
  <suite name="CrossBrowserTestSuite" duration-ms="8701" started-at="2020-09-03T12:52:48Z" finished-at="2020-09-03T12:52:57Z">
    <groups>
    </groups>
    <test name="IEdriver" duration-ms="7441" started-at="2020-09-03T12:52:48Z" finished-at="2020-09-03T12:52:55Z">
      <class name="com.qa.automationpractice.test.VerifyPageTitle">
        <test-method status="PASS" signature="verifyPageTitle(java.lang.String)[pri:0, instance:com.qa.automationpractice.test.VerifyPageTitle@490ab905]" name="verifyPageTitle" duration-ms="7402" started-at="2020-09-03T12:52:48Z" finished-at="2020-09-03T12:52:55Z">
          <params>
            <param index="0">
              <value>
                <![CDATA[IE]]>
              </value>
            </param>
          </params>
          <reporter-output>
          </reporter-output>
        </test-method> <!-- verifyPageTitle -->
      </class> <!-- com.qa.automationpractice.test.VerifyPageTitle -->
    </test> <!-- IEdriver -->
    <test name="ChromeBrowserTest" duration-ms="8701" started-at="2020-09-03T12:52:48Z" finished-at="2020-09-03T12:52:57Z">
      <class name="com.qa.automationpractice.test.VerifyPageTitle">
        <test-method status="PASS" signature="verifyPageTitle(java.lang.String)[pri:0, instance:com.qa.automationpractice.test.VerifyPageTitle@5442a311]" name="verifyPageTitle" duration-ms="8662" started-at="2020-09-03T12:52:48Z" finished-at="2020-09-03T12:52:57Z">
          <params>
            <param index="0">
              <value>
                <![CDATA[chrome]]>
              </value>
            </param>
          </params>
          <reporter-output>
          </reporter-output>
        </test-method> <!-- verifyPageTitle -->
      </class> <!-- com.qa.automationpractice.test.VerifyPageTitle -->
    </test> <!-- ChromeBrowserTest -->
  </suite> <!-- CrossBrowserTestSuite -->
</testng-results>
